<?xml version="1.0" encoding="utf-8" standalone="no"?>
<!--This file represents the results of running a test suite-->
<test-results name="nunit.framework.dll" total="0" failures="0" not-run="0" date="2015-10-23" time="21:39:00">
  <environment nunit-version="2.4.8.0" clr-version="4.0.30319.17020" os-version="Unix 15.0.0.0" platform="Unix" cwd="/Users/Qaz/Desktop/Snake/Snake/bin/Debug" machine-name="C02K627JFFT0" user="Qaz" user-domain="C02K627JFFT0" />
  <culture-info current-culture="en-AU" current-uiculture="en-AU" />
  <test-suite name="nunit.framework.dll" success="True" time="0.001" asserts="0">
    <results />
  </test-suite>
</test-results>